#
# There is insufficient memory for the Java Runtime Environment to continue.
# Native memory allocation (mmap) failed to map 262144000 bytes. Error detail: G1 virtual space
# Possible reasons:
#   The system is out of physical RAM or swap space
#   This process is running with CompressedOops enabled, and the Java Heap may be blocking the growth of the native heap
# Possible solutions:
#   Reduce memory load on the system
#   Increase physical memory or swap space
#   Check if swap backing store is full
#   Decrease Java heap size (-Xmx/-Xms)
#   Decrease number of Java threads
#   Decrease Java thread stack sizes (-Xss)
#   Set larger code cache with -XX:ReservedCodeCacheSize=
#   JVM is running with Zero Based Compressed Oops mode in which the Java heap is
#     placed in the first 32GB address space. The Java Heap base address is the
#     maximum limit for the native heap growth. Please use -XX:HeapBaseMinAddress
#     to set the Java Heap base and to place the Java Heap above 32GB virtual address.
# This output file may be truncated or incomplete.
#
#  Out of Memory Error (os_windows.cpp:3766), pid=43364, tid=28768
#
# JRE version:  (25.0.3+1) (build )
# Java VM: OpenJDK 64-Bit Server VM (25.0.3+1-b329.124, mixed mode, sharing, tiered, compressed oops, compressed class ptrs, g1 gc, windows-amd64)
# No core dump will be written. Minidumps are not enabled by default on client versions of Windows
#

---------------  S U M M A R Y ------------

Command Line: git4idea.http.GitAskPassApp Username for 'https://github.com': 

Host: 13th Gen Intel(R) Core(TM) i7-13650HX, 20 cores, 15G,  Windows 11 , 64 bit Build 26100 (10.0.26100.8521)
Time: Wed Jul 15 19:47:00 2026 SE Asia Standard Time elapsed time: 0.010507 seconds (0d 0h 0m 0s)

---------------  T H R E A D  ---------------

Current thread (0x0000024b391a6950):  JavaThread "Unknown thread" [_thread_in_vm, id=28768, stack(0x000000916e100000,0x000000916e200000) (1024K)]

Stack: [0x000000916e100000,0x000000916e200000]
Native frames: (J=compiled Java code, j=interpreted, Vv=VM code, C=native code)
V  [jvm.dll+0x7c2709]  (no source info available)
V  [jvm.dll+0x78bdfd]  (no source info available)
V  [jvm.dll+0xa10353]  (no source info available)
V  [jvm.dll+0xa12b4c]  (no source info available)
V  [jvm.dll+0xa13243]  (no source info available)
V  [jvm.dll+0x308006]  (no source info available)
V  [jvm.dll+0x7be915]  (no source info available)
V  [jvm.dll+0x7b18c7]  (no source info available)
V  [jvm.dll+0x40211e]  (no source info available)
V  [jvm.dll+0x409f3b]  (no source info available)
V  [jvm.dll+0x3f6779]  (no source info available)
V  [jvm.dll+0x3f6a2b]  (no source info available)
V  [jvm.dll+0x3cca63]  (no source info available)
V  [jvm.dll+0x3cd6ce]  (no source info available)
V  [jvm.dll+0x9d66c7]  (no source info available)
V  [jvm.dll+0x467862]  (no source info available)
V  [jvm.dll+0x9b9df9]  (no source info available)
V  [jvm.dll+0x509c91]  (no source info available)
V  [jvm.dll+0x50b601]  (no source info available)
C  [jli.dll+0x5422]  (no source info available)
C  [ucrtbase.dll+0x2cd30]  (no source info available)
C  [KERNEL32.DLL+0x2e957]  (no source info available)
C  [ntdll.dll+0x87c1c]  (no source info available)

Lock stack of current Java thread (top to bottom):


---------------  P R O C E S S  ---------------

Threads class SMR info:
_java_thread_list=0x00007ff927f2c108, length=0, elements={
}

Java Threads: ( => current thread )
Total: 0

Other Threads:
  0x0000024b3b6d31a0 WorkerThread "GC Thread#0"                     [id=37432, stack(0x000000916e200000,0x000000916e300000) (1024K)]
  0x0000024b3b6e91e0 ConcurrentGCThread "G1 Main Marker"            [id=43124, stack(0x000000916e300000,0x000000916e400000) (1024K)]
  0x0000024b3b6ecba0 WorkerThread "G1 Conc#0"                       [id=42732, stack(0x000000916e400000,0x000000916e500000) (1024K)]

[error occurred during error reporting (printing all threads), id 0xc0000005, EXCEPTION_ACCESS_VIOLATION (0xc0000005) at pc=0x00007ff92754183a]
VM state: not at safepoint (not fully initialized)

VM Mutex/Monitor currently owned by a thread:  ([mutex/lock_event])
[0x00007ff927fb5000] Heap_lock - owner thread: 0x0000024b391a6950

Heap address: 0x0000000706000000, size: 4000 MB, Compressed Oops mode: Zero based, Oop shift amount: 3

CDS archive(s) mapped at: [0x0000000000000000-0x0000000000000000-0x0000000000000000), size 0, SharedBaseAddress: 0x0000000800000000, ArchiveRelocationMode: 1.
UseCompressedClassPointers 1, UseCompactObjectHeaders 0
Narrow klass pointer bits 32, Max shift 3
Narrow klass base: 0xffffffffffffffff, Narrow klass shift: -1
Encoding Range: [0xffffffffffffffff - 0x000000007fffffff), (2147483648 bytes)
Klass Range:    [0x0000000000000000 - 0x0000000000000000), (0 bytes)
Klass ID Range:  [4294967295 - 0) (1)
No protection zone.

GC Precious Log:
 CardTable entry size: 512
 Card Set container configuration: InlinePtr #cards 4 size 8 Array Of Cards #cards 16 size 48 Howl #buckets 8 coarsen threshold 3686 Howl Bitmap #cards 512 size 80 coarsen threshold 460 Card regions per heap region 1 cards per card region 4096

Heap:
 garbage-first heap   total reserved 4096000K, committed 0K, used 0K [0x0000000706000000, 0x0000000800000000)
  region size 2048K, 0 young (0K), 0 survivors (0K)

Heap Regions: E=young(eden), S=young(survivor), O=old, HS=humongous(starts), HC=humongous(continues), CS=collection set, F=free, TAMS=top-at-mark-start, PB=parsable bottom

Card table byte_map: [0x0000024b4fcf0000,0x0000024b504c0000] _byte_map_base: 0x0000024b4c4c0000

Marking Bits: (CMBitMap*) 0x0000024b3b6d4140
 Bits: [0x0000024b504c0000, 0x0000024b54340000)

GC Heap Usage History (0 events):
No events

Metaspace Usage History (0 events):
No events

Dll operation events (1 events):
Event: 0.007 Loaded shared library D:\IntelliJ IDEA 2026.1.4\jbr\bin\java.dll

Deoptimization events (0 events):
No events

Classes loaded (0 events):
No events

Classes unloaded (0 events):
No events

Classes redefined (0 events):
No events

Internal exceptions (0 events):
No events

VM Operations (0 events):
No events

Memory protections (0 events):
No events

Nmethod flushes (0 events):
No events

Events (0 events):
No events


Dynamic libraries:
0x00007ff6a19b0000 - 0x00007ff6a19ba000 	D:\IntelliJ IDEA 2026.1.4\jbr\bin\java.exe
0x00007ffa6aec0000 - 0x00007ffa6b126000 	C:\WINDOWS\SYSTEM32\ntdll.dll
0x00007ffa69bf0000 - 0x00007ffa69cb9000 	C:\WINDOWS\System32\KERNEL32.DLL
0x00007ffa68380000 - 0x00007ffa6877a000 	C:\WINDOWS\System32\KERNELBASE.dll
0x00007ffa68230000 - 0x00007ffa6837c000 	C:\WINDOWS\System32\ucrtbase.dll
0x00007ffa4e920000 - 0x00007ffa4e93e000 	D:\IntelliJ IDEA 2026.1.4\jbr\bin\VCRUNTIME140.dll
0x00007ffa0a090000 - 0x00007ffa0a0a7000 	D:\IntelliJ IDEA 2026.1.4\jbr\bin\jli.dll
0x00007ffa69ec0000 - 0x00007ffa6a087000 	C:\WINDOWS\System32\USER32.dll
0x00007ffa68150000 - 0x00007ffa68177000 	C:\WINDOWS\System32\win32u.dll
0x00007ffa4d5e0000 - 0x00007ffa4d872000 	C:\WINDOWS\WinSxS\amd64_microsoft.windows.common-controls_6595b64144ccf1df_6.0.26100.8521_none_3e08b75ce33403b3\COMCTL32.dll
0x00007ffa6a090000 - 0x00007ffa6a0bb000 	C:\WINDOWS\System32\GDI32.dll
0x00007ffa6a0c0000 - 0x00007ffa6a169000 	C:\WINDOWS\System32\msvcrt.dll
0x00007ffa68810000 - 0x00007ffa6893b000 	C:\WINDOWS\System32\gdi32full.dll
0x00007ffa68a00000 - 0x00007ffa68aa3000 	C:\WINDOWS\System32\msvcp_win.dll
0x00007ffa6a3a0000 - 0x00007ffa6a3d2000 	C:\WINDOWS\System32\IMM32.DLL
0x00007ffa64720000 - 0x00007ffa6472c000 	D:\IntelliJ IDEA 2026.1.4\jbr\bin\vcruntime140_1.dll
0x00007ff9fdad0000 - 0x00007ff9fdb59000 	D:\IntelliJ IDEA 2026.1.4\jbr\bin\msvcp140.dll
0x00007ff927160000 - 0x00007ff9280b5000 	D:\IntelliJ IDEA 2026.1.4\jbr\bin\server\jvm.dll
0x00007ffa69880000 - 0x00007ffa69936000 	C:\WINDOWS\System32\ADVAPI32.dll
0x00007ffa68f30000 - 0x00007ffa68fda000 	C:\WINDOWS\System32\sechost.dll
0x00007ffa6ab70000 - 0x00007ffa6ac88000 	C:\WINDOWS\System32\RPCRT4.dll
0x00007ffa69cc0000 - 0x00007ffa69d40000 	C:\WINDOWS\System32\WS2_32.dll
0x00007ffa66d40000 - 0x00007ffa66d9e000 	C:\WINDOWS\SYSTEM32\POWRPROF.dll
0x00007ffa60000000 - 0x00007ffa6000b000 	C:\WINDOWS\SYSTEM32\VERSION.dll
0x00007ffa5d510000 - 0x00007ffa5d546000 	C:\WINDOWS\SYSTEM32\WINMM.dll
0x00007ffa66d20000 - 0x00007ffa66d34000 	C:\WINDOWS\SYSTEM32\UMPDC.dll
0x00007ffa66f60000 - 0x00007ffa66f7b000 	C:\WINDOWS\SYSTEM32\kernel.appcore.dll
0x00007ffa60550000 - 0x00007ffa6055a000 	D:\IntelliJ IDEA 2026.1.4\jbr\bin\jimage.dll
0x00007ffa65a50000 - 0x00007ffa65c92000 	C:\WINDOWS\SYSTEM32\DBGHELP.DLL
0x00007ffa69470000 - 0x00007ffa697f3000 	C:\WINDOWS\System32\combase.dll
0x00007ffa69ac0000 - 0x00007ffa69b99000 	C:\WINDOWS\System32\OLEAUT32.dll
0x00007ffa4d5a0000 - 0x00007ffa4d5db000 	C:\WINDOWS\SYSTEM32\dbgcore.DLL
0x00007ffa68180000 - 0x00007ffa68228000 	C:\WINDOWS\System32\bcryptPrimitives.dll
0x00007ffa49b60000 - 0x00007ffa49b7f000 	D:\IntelliJ IDEA 2026.1.4\jbr\bin\java.dll
0x00007ffa6a170000 - 0x00007ffa6a308000 	C:\WINDOWS\System32\ole32.dll
0x00007ffa6a3e0000 - 0x00007ffa6ab64000 	C:\WINDOWS\System32\SHELL32.dll

JVMTI agents: none

dbghelp: loaded successfully - version: 4.0.5 - missing functions: none
symbol engine: initialized successfully - sym options: 0x614 - pdb path: .;D:\IntelliJ IDEA 2026.1.4\jbr\bin;C:\WINDOWS\SYSTEM32;C:\WINDOWS\WinSxS\amd64_microsoft.windows.common-controls_6595b64144ccf1df_6.0.26100.8521_none_3e08b75ce33403b3;D:\IntelliJ IDEA 2026.1.4\jbr\bin\server

VM Arguments:
java_command: git4idea.http.GitAskPassApp Username for 'https://github.com': 
java_class_path (initial): D:/IntelliJ IDEA 2026.1.4/plugins/vcs-git/lib/git4idea-rt.jar;D:/IntelliJ IDEA 2026.1.4/lib/externalProcess-rt.jar
Launcher Type: SUN_STANDARD

[Global flags]
     intx CICompilerCount                          = 12                                        {product} {ergonomic}
     uint ConcGCThreads                            = 4                                         {product} {ergonomic}
     uint G1ConcRefinementThreads                  = 15                                        {product} {ergonomic}
   size_t G1HeapRegionSize                         = 2097152                                   {product} {ergonomic}
   size_t InitialHeapSize                          = 262144000                                 {product} {ergonomic}
   size_t MarkStackSize                            = 4194304                                   {product} {ergonomic}
   size_t MarkStackSizeMax                         = 536870912                                 {product} {ergonomic}
   size_t MaxHeapSize                              = 4194304000                                {product} {ergonomic}
   size_t MinHeapDeltaBytes                        = 2097152                                   {product} {ergonomic}
   size_t MinHeapSize                              = 8388608                                   {product} {ergonomic}
    uintx NonNMethodCodeHeapSize                   = 7667712                                {pd product} {ergonomic}
    uintx NonProfiledCodeHeapSize                  = 122028032                              {pd product} {ergonomic}
    uintx ProfiledCodeHeapSize                     = 122028032                              {pd product} {ergonomic}
    uintx ReservedCodeCacheSize                    = 251723776                              {pd product} {ergonomic}
     bool SegmentedCodeCache                       = true                                      {product} {ergonomic}
   size_t SoftMaxHeapSize                          = 4194304000                             {manageable} {ergonomic}
     bool UseCompressedOops                        = true                           {product lp64_product} {ergonomic}
     bool UseG1GC                                  = true                                      {product} {ergonomic}
     bool UseLargePagesIndividualAllocation        = false                                  {pd product} {ergonomic}

Logging:
Log output configuration:
 #0: stdout all=warning uptime,level,tags foldmultilines=false
 #1: stderr all=off uptime,level,tags foldmultilines=false

Release file:
<release file has not been read>
Environment Variables:
JAVA_HOME=C:\Program Files\Java\jdk-25.0.2
PATH=D:\Kali Linux\Git\mingw64\libexec\git-core;D:\Kali Linux\Git\mingw64\libexec\git-core;D:\Kali Linux\Git\mingw64\bin;D:\Kali Linux\Git\usr\bin;C:\Users\ASUS\bin;C:\Program Files\Java\jdk-25.0.2\bin;C:\graalvm-community-openjdk-25.0.1+8.1\bin;C:\Program Files\Common Files\Oracle\Java\javapath;C:\Program Files (x86)\Common Files\Oracle\Java\java8path;C:\ProgramData\Oracle\Java\javapath;C:\Windows\system32;C:\Windows;C:\Windows\System32\Wbem;C:\Windows\System32\WindowsPowerShell\v1.0;C:\Windows\System32\OpenSSH;C:\Program Files (x86)\NVIDIA Corporation\PhysX\Common;C:\msys64\ucrt64\bin;C:\Program Files\Java\graalvm-jdk-25.0.1+8.1\bin;C:\Program Files\dotnet;D:\IT Step\CMake\bin;C:\Program Files (x86)\Windows Kits\10\Windows Performance Toolkit;C:\Program Files (x86)\Eziriz\.NET Reactor;C:\Program Files\NVIDIA Corporation\NVIDIA app\NvDLISR;C:\Program Files\Microsoft SQL Server\150\Tools\Binn;C:\Program Files\Microsoft SQL Server\Client SDK\ODBC\170\Tools\Binn;C:\Users\ASUS\AppData\Roaming\Python\Python313\Scripts;C:\Program Files (x86)\Microsoft SQL Server\150\DTS\Binn;C:\Program Files\Azure Data Studio\bin;C:\Program Files (x86)\Microsoft SQL Server\150\Tools\Binn;C:\Program Files\Microsoft SQL Server\150\DTS\Binn;C:\Program Files\Java\jdk-21\bin;C:\WINDOWS\system32;C:\WINDOWS;C:\WINDOWS\System32\Wbem;C:\WINDOWS\System32\WindowsPowerShell\v1.0;C:\WINDOWS\System32\OpenSSH;C:\Program Files\nodejs;C:\Program Files\GitHub CLI;C:\Program Files\apache-maven-3.9.11\bin;D:\Kali Linux\Git\cmd;C:\Program Files\Docker\Docker\resources\bin;C:\Users\ASUS\AppData\Local\Programs\Microsoft VS Code\bin;D:\IntelliJ IDEA 2026.1.4\bin
USERNAME=ASUS
DISPLAY=:0.0
LC_ALL=en_US.UTF-8
TERM=xterm-256color
TMPDIR=C:\Users\ASUS\AppData\Local\Temp
OS=Windows_NT
PROCESSOR_IDENTIFIER=Intel64 Family 6 Model 183 Stepping 1, GenuineIntel
TMP=C:\Users\ASUS\AppData\Local\Temp
TEMP=C:\Users\ASUS\AppData\Local\Temp




Compilation memory statistics disabled.

Periodic native trim disabled

JNI global refs:
JNI global refs: 0, weak refs: 0

JNI global refs memory usage: 0, weak refs: 0

Process memory usage:
Resident Set Size: 14940K (0% of 16382152K total physical memory with 1448424K free physical memory)

OOME stack traces (most recent first):
Classloader memory used:

---------------  S Y S T E M  ---------------

OS:
 Windows 11 , 64 bit Build 26100 (10.0.26100.8521)
OS uptime: 0 days 8:40 hours
Hyper-V role detected

CPU: total 20 (initial active 20) (10 cores per cpu, 2 threads per core) family 6 model 183 stepping 1 microcode 0x12b, cx8, cmov, fxsr, ht, mmx, 3dnowpref, sse, sse2, sse3, ssse3, sse4.1, sse4.2, popcnt, lzcnt, tsc, tscinvbit, avx, avx2, aes, erms, clmul, bmi1, bmi2, adx, sha, fma, vzeroupper, clflush, clflushopt, clwb, hv, serialize, rdtscp, rdpid, fsrm, gfni, f16c, cet_ibt, cet_ss
Processor Information for the first 20 processors :
  Max Mhz: 2600, Current Mhz: 2600, Mhz Limit: 2600

Memory: 4k page, system-wide physical 15998M (1414M free)
TotalPageFile size 38166M (AvailPageFile size 164M)
current process WorkingSet (physical memory assigned to process): 14M, peak: 14M
current process commit charge ("private bytes"): 76M, peak: 325M

vm_info: OpenJDK 64-Bit Server VM (25.0.3+1-b329.124) for windows-amd64 JRE (25.0.3+1-b329.124), built on 2026-04-30 with MS VC++ 17.14 (VS2022)

END.
